<?xml version="1.0" encoding="UTF-8"?>
<!-- Generated by org.testng.reporters.JUnitReportReporter -->
<testsuite hostname="BGL140252" failures="0" tests="1" name="extentreports1.extenttry1" time="0.006" errors="0" timestamp="2023-11-29T13:27:58 IST" skipped="0">
  <testcase classname="extentreports1.extenttry1" name="method1" time="0.006"/>
  <system-out/>
</testsuite> <!-- extentreports1.extenttry1 -->
