<?xml version="1.0" encoding="UTF-8"?>
<!-- Generated by org.testng.reporters.JUnitReportReporter -->
<testsuite hostname="BGL140252" failures="0" tests="4" name="ApiTest.PostApiTest" time="1.837" errors="0" timestamp="2023-11-29T14:11:23 IST" skipped="0">
  <testcase classname="ApiTest.PostApiTest" name="test3" time="0.046"/>
  <system-out/>
  <testcase classname="ApiTest.PostApiTest" name="test2" time="0.010"/>
  <system-out/>
  <testcase classname="ApiTest.PostApiTest" name="test1" time="0.008"/>
  <system-out/>
  <testcase classname="ApiTest.PostApiTest" name="PostApi" time="1.773"/>
  <system-out/>
</testsuite> <!-- ApiTest.PostApiTest -->
