<?xml version="1.0" encoding="UTF-8"?>
<!-- Generated by org.testng.reporters.JUnitReportReporter -->
<testsuite hostname="BGL140252" failures="0" tests="2" name="extentreports1.extenttry1" time="0.007" errors="0" timestamp="2023-11-27T11:32:16 IST" skipped="0">
  <testcase classname="extentreports1.extenttry1" name="mehtod2" time="0.006"/>
  <system-out/>
  <testcase classname="extentreports1.extenttry1" name="method1" time="0.001"/>
  <system-out/>
</testsuite> <!-- extentreports1.extenttry1 -->
