<?xml version="1.0" encoding="UTF-8"?>
<!-- Generated by org.testng.reporters.JUnitReportReporter -->
<testsuite hostname="BGL140252" failures="0" tests="4" name="ApiTest.PostApiTest" time="1.693" errors="0" timestamp="2023-12-07T11:58:18 IST" skipped="0">
  <testcase classname="ApiTest.PostApiTest" name="test1" time="0.006"/>
  <system-out/>
  <testcase classname="ApiTest.PostApiTest" name="test3" time="0.042"/>
  <system-out/>
  <testcase classname="ApiTest.PostApiTest" name="test2" time="0.012"/>
  <system-out/>
  <testcase classname="ApiTest.PostApiTest" name="PostApi" time="1.633"/>
  <system-out/>
</testsuite> <!-- ApiTest.PostApiTest -->
