<?xml version="1.0" encoding="UTF-8"?>
<!-- Generated by org.testng.reporters.JUnitReportReporter -->
<testsuite hostname="BGL140252" failures="0" tests="4" name="ApiTest.PostApiTest" time="1.733" errors="0" timestamp="2023-11-29T16:58:53 IST" skipped="0">
  <testcase classname="ApiTest.PostApiTest" name="test2" time="0.018"/>
  <system-out/>
  <testcase classname="ApiTest.PostApiTest" name="test1" time="0.007"/>
  <system-out/>
  <testcase classname="ApiTest.PostApiTest" name="PostApi" time="1.659"/>
  <system-out/>
  <testcase classname="ApiTest.PostApiTest" name="test3" time="0.049"/>
  <system-out/>
</testsuite> <!-- ApiTest.PostApiTest -->
